<?xml version="1.0" encoding="UTF-8"?>
<testsuite name="Checkout goods on jiji" tests="1" skipped="0" failures="0" errors="0" timestamp="2022-06-13T19:00:52" hostname="KONOHAGAKURE" time="24.932">
  <properties/>
  <testcase name="Successful checkout goods on jiji" classname="Checkout goods on jiji" time="24.932"/>
  <system-out><![CDATA[]]></system-out>
  <system-err><![CDATA[SLF4J: Failed to load class "org.slf4j.impl.StaticLoggerBinder".
SLF4J: Defaulting to no-operation (NOP) logger implementation
SLF4J: See http://www.slf4j.org/codes.html#StaticLoggerBinder for further details.
Starting ChromeDriver 101.0.4951.41 (93c720db8323b3ec10d056025ab95c23a31997c9-refs/branch-heads/4951@{#904}) on port 61407
Only local connections are allowed.
Please see https://chromedriver.chromium.org/security-considerations for suggestions on keeping ChromeDriver safe.
ChromeDriver was started successfully.
[1655146855.496][WARNING]: This version of ChromeDriver has not been tested with Chrome version 102.
Jun 13, 2022 10:00:55 PM org.openqa.selenium.remote.ProtocolHandshake createSession
INFO: Detected upstream dialect: W3C
Jun 13, 2022 10:00:55 PM org.openqa.selenium.devtools.CdpVersionFinder findNearestMatch
INFO: Found exact CDP implementation for version 102
]]></system-err>
</testsuite>
